# JRE version: Java(TM) SE Runtime Environment 18.9 (11.0.8+10) (build 11.0.8+10-LTS)
# Java VM: Java HotSpot(TM) 64-Bit Server VM 18.9 (11.0.8+10-LTS, mixed mode, tiered, compressed oops, parallel gc, windows-amd64)
Heap:
 PSYoungGen      total 3584K, used 2222K [0x00000000eab00000, 0x00000000eaf80000, 0x0000000100000000)
  eden space 3072K, 69% used [0x00000000eab00000,0x00000000ead13b68,0x00000000eae00000)
  from space 512K, 18% used [0x00000000eaf00000,0x00000000eaf18000,0x00000000eaf80000)
  to   space 512K, 0% used [0x00000000eae80000,0x00000000eae80000,0x00000000eaf00000)
 ParOldGen       total 312832K, used 296436K [0x00000000c0000000, 0x00000000d3180000, 0x00000000eab00000)
  object space 312832K, 94% used [0x00000000c0000000,0x00000000d217d398,0x00000000d3180000)
 Metaspace       used 92570K, capacity 96416K, committed 97152K, reserved 1136640K
  class space    used 8193K, capacity 9574K, committed 9856K, reserved 1048576K
GC Heap History (10 events):
Event: 73981.209 GC heap before
{Heap before GC invocations=8511 (full 141):
 PSYoungGen      total 4096K, used 3616K [0x00000000eab00000, 0x00000000eb000000, 0x0000000100000000)
  eden space 3072K, 100% used [0x00000000eab00000,0x00000000eae00000,0x00000000eae00000)
  from space 1024K, 53% used [0x00000000eaf00000,0x00000000eaf88000,0x00000000eb000000)
  to   space 1024K, 0% used [0x00000000eae00000,0x00000000eae00000,0x00000000eaf00000)
 ParOldGen       total 312832K, used 294116K [0x00000000c0000000, 0x00000000d3180000, 0x00000000eab00000)
  object space 312832K, 94% used [0x00000000c0000000,0x00000000d1f390d8,0x00000000d3180000)
 Metaspace       used 92555K, capacity 96351K, committed 97152K, reserved 1136640K
  class space    used 8193K, capacity 9574K, committed 9856K, reserved 1048576K
}
Event: 73981.221 GC heap after
{Heap after GC invocations=8511 (full 141):
 PSYoungGen      total 4096K, used 544K [0x00000000eab00000, 0x00000000eb000000, 0x0000000100000000)
  eden space 3072K, 0% used [0x00000000eab00000,0x00000000eab00000,0x00000000eae00000)
  from space 1024K, 53% used [0x00000000eae00000,0x00000000eae88010,0x00000000eaf00000)
  to   space 1024K, 0% used [0x00000000eaf00000,0x00000000eaf00000,0x00000000eb000000)
 ParOldGen       total 312832K, used 294636K [0x00000000c0000000, 0x00000000d3180000, 0x00000000eab00000)
  object space 312832K, 94% used [0x00000000c0000000,0x00000000d1fbb0d8,0x00000000d3180000)
 Metaspace       used 92555K, capacity 96351K, committed 97152K, reserved 1136640K
  class space    used 8193K, capacity 9574K, committed 9856K, reserved 1048576K
}
Event: 73992.944 GC heap before
{Heap before GC invocations=8512 (full 141):
 PSYoungGen      total 4096K, used 3616K [0x00000000eab00000, 0x00000000eb000000, 0x0000000100000000)
  eden space 3072K, 100% used [0x00000000eab00000,0x00000000eae00000,0x00000000eae00000)
  from space 1024K, 53% used [0x00000000eae00000,0x00000000eae88010,0x00000000eaf00000)
  to   space 1024K, 0% used [0x00000000eaf00000,0x00000000eaf00000,0x00000000eb000000)
 ParOldGen       total 312832K, used 294636K [0x00000000c0000000, 0x00000000d3180000, 0x00000000eab00000)
  object space 312832K, 94% used [0x00000000c0000000,0x00000000d1fbb0d8,0x00000000d3180000)
 Metaspace       used 92565K, capacity 96416K, committed 97152K, reserved 1136640K
  class space    used 8193K, capacity 9574K, committed 9856K, reserved 1048576K
}
Event: 73992.948 GC heap after
{Heap after GC invocations=8512 (full 141):
 PSYoungGen      total 3584K, used 384K [0x00000000eab00000, 0x00000000eaf80000, 0x0000000100000000)
  eden space 3072K, 0% used [0x00000000eab00000,0x00000000eab00000,0x00000000eae00000)
  from space 512K, 75% used [0x00000000eaf00000,0x00000000eaf60040,0x00000000eaf80000)
  to   space 512K, 0% used [0x00000000eae80000,0x00000000eae80000,0x00000000eaf00000)
 ParOldGen       total 312832K, used 295124K [0x00000000c0000000, 0x00000000d3180000, 0x00000000eab00000)
  object space 312832K, 94% used [0x00000000c0000000,0x00000000d20350e8,0x00000000d3180000)
 Metaspace       used 92565K, capacity 96416K, committed 97152K, reserved 1136640K
  class space    used 8193K, capacity 9574K, committed 9856K, reserved 1048576K
}
Event: 74171.159 GC heap before
{Heap before GC invocations=8513 (full 141):
 PSYoungGen      total 3584K, used 3456K [0x00000000eab00000, 0x00000000eaf80000, 0x0000000100000000)
  eden space 3072K, 100% used [0x00000000eab00000,0x00000000eae00000,0x00000000eae00000)
  from space 512K, 75% used [0x00000000eaf00000,0x00000000eaf60040,0x00000000eaf80000)
  to   space 512K, 0% used [0x00000000eae80000,0x00000000eae80000,0x00000000eaf00000)
 ParOldGen       total 312832K, used 295124K [0x00000000c0000000, 0x00000000d3180000, 0x00000000eab00000)
  object space 312832K, 94% used [0x00000000c0000000,0x00000000d20350e8,0x00000000d3180000)
 Metaspace       used 92568K, capacity 96416K, committed 97152K, reserved 1136640K
  class space    used 8193K, capacity 9574K, committed 9856K, reserved 1048576K
}
Event: 74171.162 GC heap after
{Heap after GC invocations=8513 (full 141):
 PSYoungGen      total 3584K, used 288K [0x00000000eab00000, 0x00000000eaf80000, 0x0000000100000000)
  eden space 3072K, 0% used [0x00000000eab00000,0x00000000eab00000,0x00000000eae00000)
  from space 512K, 56% used [0x00000000eae80000,0x00000000eaec8010,0x00000000eaf00000)
  to   space 512K, 0% used [0x00000000eaf00000,0x00000000eaf00000,0x00000000eaf80000)
 ParOldGen       total 312832K, used 295324K [0x00000000c0000000, 0x00000000d3180000, 0x00000000eab00000)
  object space 312832K, 94% used [0x00000000c0000000,0x00000000d20671c8,0x00000000d3180000)
 Metaspace       used 92568K, capacity 96416K, committed 97152K, reserved 1136640K
  class space    used 8193K, capacity 9574K, committed 9856K, reserved 1048576K
}
Event: 74171.201 GC heap before
{Heap before GC invocations=8514 (full 141):
 PSYoungGen      total 3584K, used 3360K [0x00000000eab00000, 0x00000000eaf80000, 0x0000000100000000)
  eden space 3072K, 100% used [0x00000000eab00000,0x00000000eae00000,0x00000000eae00000)
  from space 512K, 56% used [0x00000000eae80000,0x00000000eaec8010,0x00000000eaf00000)
  to   space 512K, 0% used [0x00000000eaf00000,0x00000000eaf00000,0x00000000eaf80000)
 ParOldGen       total 312832K, used 295324K [0x00000000c0000000, 0x00000000d3180000, 0x00000000eab00000)
  object space 312832K, 94% used [0x00000000c0000000,0x00000000d20671c8,0x00000000d3180000)
 Metaspace       used 92568K, capacity 96416K, committed 97152K, reserved 1136640K
  class space    used 8193K, capacity 9574K, committed 9856K, reserved 1048576K
}
Event: 74171.203 GC heap after
{Heap after GC invocations=8514 (full 141):
 PSYoungGen      total 3584K, used 128K [0x00000000eab00000, 0x00000000eaf80000, 0x0000000100000000)
  eden space 3072K, 0% used [0x00000000eab00000,0x00000000eab00000,0x00000000eae00000)
  from space 512K, 25% used [0x00000000eaf00000,0x00000000eaf20000,0x00000000eaf80000)
  to   space 512K, 0% used [0x00000000eae80000,0x00000000eae80000,0x00000000eaf00000)
 ParOldGen       total 312832K, used 295588K [0x00000000c0000000, 0x00000000d3180000, 0x00000000eab00000)
  object space 312832K, 94% used [0x00000000c0000000,0x00000000d20a9398,0x00000000d3180000)
 Metaspace       used 92568K, capacity 96416K, committed 97152K, reserved 1136640K
  class space    used 8193K, capacity 9574K, committed 9856K, reserved 1048576K
}
Event: 74171.222 GC heap before
{Heap before GC invocations=8515 (full 141):
 PSYoungGen      total 3584K, used 3200K [0x00000000eab00000, 0x00000000eaf80000, 0x0000000100000000)
  eden space 3072K, 100% used [0x00000000eab00000,0x00000000eae00000,0x00000000eae00000)
  from space 512K, 25% used [0x00000000eaf00000,0x00000000eaf20000,0x00000000eaf80000)
  to   space 512K, 0% used [0x00000000eae80000,0x00000000eae80000,0x00000000eaf00000)
 ParOldGen       total 312832K, used 295588K [0x00000000c0000000, 0x00000000d3180000, 0x00000000eab00000)
  object space 312832K, 94% used [0x00000000c0000000,0x00000000d20a9398,0x00000000d3180000)
 Metaspace       used 92569K, capacity 96416K, committed 97152K, reserved 1136640K
  class space    used 8193K, capacity 9574K, committed 9856K, reserved 1048576K
}
Event: 74171.225 GC heap after
{Heap after GC invocations=8515 (full 141):
 PSYoungGen      total 3584K, used 320K [0x00000000eab00000, 0x00000000eaf80000, 0x0000000100000000)
  eden space 3072K, 0% used [0x00000000eab00000,0x00000000eab00000,0x00000000eae00000)
  from space 512K, 62% used [0x00000000eae80000,0x00000000eaed0000,0x00000000eaf00000)
  to   space 512K, 0% used [0x00000000eaf00000,0x00000000eaf00000,0x00000000eaf80000)
 ParOldGen       total 312832K, used 295644K [0x00000000c0000000, 0x00000000d3180000, 0x00000000eab00000)
  object space 312832K, 94% used [0x00000000c0000000,0x00000000d20b7398,0x00000000d3180000)
 Metaspace       used 92569K, capacity 96416K, committed 97152K, reserved 1136640K
  class space    used 8193K, capacity 9574K, committed 9856K, reserved 1048576K
}

